<?xml version="1.0" encoding="UTF-8" ?>
<testsuite errors="1" failures="0" hostname="DIN51001221" name="com.areyes1.jgc.junit.assertequals.JUnitAssertEqualsExample" skipped="0" tests="1" time="0.0" timestamp="2016-12-12T12:16:22">
  <properties>
    <property name="java.vendor" value="Oracle Corporation" />
    <property name="sun.java.launcher" value="SUN_STANDARD" />
    <property name="eclipse.pdebuild.templates" value="/D:/amit/softwares/eclipse/Eclipse/plugins/org.eclipse.pde.build_3.9.0.v20140415-2029/templates/" />
    <property name="sun.management.compiler" value="HotSpot 64-Bit Tiered Compilers" />
    <property name="dist" value="D:\Users\akuma299\Desktop\downloaded egs\junit-ant-example\dist" />
    <property name="lib" value="D:\Users\akuma299\Desktop\downloaded egs\junit-ant-example\lib" />
    <property name="os.name" value="Windows 7" />
    <property name="sun.boot.class.path" value="D:\jdk1.7.0\jre\lib\resources.jar;D:\jdk1.7.0\jre\lib\rt.jar;D:\jdk1.7.0\jre\lib\sunrsasign.jar;D:\jdk1.7.0\jre\lib\jsse.jar;D:\jdk1.7.0\jre\lib\jce.jar;D:\jdk1.7.0\jre\lib\charsets.jar;D:\jdk1.7.0\jre\classes" />
    <property name="sun.desktop" value="windows" />
    <property name="ant.file.type.junit-ant-example" value="file" />
    <property name="java.vm.specification.vendor" value="Oracle Corporation" />
    <property name="ant.home" value="D:\amit\softwares\eclipse\Eclipse\plugins\org.apache.ant_1.9.2.v201404171502" />
    <property name="ant.file.junit-ant-example" value="D:\Users\akuma299\Desktop\downloaded egs\junit-ant-example\build.xml" />
    <property name="java.runtime.version" value="1.7.0-b147" />
    <property name="user.name" value="akuma299" />
    <property name="user.language" value="en" />
    <property name="build" value="D:\Users\akuma299\Desktop\downloaded egs\junit-ant-example\build" />
    <property name="sun.boot.library.path" value="D:\jdk1.7.0\jre\bin" />
    <property name="ant.project.default-target" value="unit-test-1" />
    <property name="ant.project.name" value="junit-ant-example" />
    <property name="java.version" value="1.7.0" />
    <property name="user.timezone" value="" />
    <property name="sun.arch.data.model" value="64" />
    <property name="java.endorsed.dirs" value="D:\jdk1.7.0\jre\lib\endorsed" />
    <property name="sun.cpu.isalist" value="amd64" />
    <property name="sun.jnu.encoding" value="Cp1252" />
    <property name="file.encoding.pkg" value="sun.io" />
    <property name="file.separator" value="\" />
    <property name="java.specification.name" value="Java Platform API Specification" />
    <property name="java.class.version" value="51.0" />
    <property name="src" value="D:\Users\akuma299\Desktop\downloaded egs\junit-ant-example\src" />
    <property name="user.country" value="US" />
    <property name="java.home" value="D:\jdk1.7.0\jre" />
    <property name="java.vm.info" value="mixed mode" />
    <property name="ant.file" value="D:\Users\akuma299\Desktop\downloaded egs\junit-ant-example\build.xml" />
    <property name="os.version" value="6.1" />
    <property name="path.separator" value=";" />
    <property name="java.vm.version" value="21.0-b17" />
    <property name="user.variant" value="" />
    <property name="ant.library.dir" value="D:\amit\softwares\eclipse\Eclipse\plugins\org.apache.ant_1.9.2.v201404171502\lib" />
    <property name="java.awt.printerjob" value="sun.awt.windows.WPrinterJob" />
    <property name="sun.io.unicode.encoding" value="UnicodeLittle" />
    <property name="awt.toolkit" value="sun.awt.windows.WToolkit" />
    <property name="user.script" value="" />
    <property name="eclipse.pdebuild.scripts" value="/D:/amit/softwares/eclipse/Eclipse/plugins/org.eclipse.pde.build_3.9.0.v20140415-2029/scripts/" />
    <property name="user.home" value="D:\Users\akuma299" />
    <property name="java.specification.vendor" value="Oracle Corporation" />
    <property name="test" value="D:\Users\akuma299\Desktop\downloaded egs\junit-ant-example\src\test\java" />
    <property name="java.library.path" value="D:\jdk1.7.0\jre\bin;C:\WINDOWS\Sun\Java\bin;C:\WINDOWS\system32;C:\WINDOWS;C:\ProgramData\Oracle\Java\javapath;D:\jdk1.7.0\bin;C:\WINDOWS\system32;C:\WINDOWS;C:\WINDOWS\System32\Wbem;C:\WINDOWS\System32\WindowsPowerShell\v1.0\;C:\Program Files (x86)\QuickTime\QTSystem\;C:\Program Files\CapgeminiScripts\Support Tools\;C:\Program Files\TortoiseSVN\bin;D:\amit\softwares\optic tools\apache-maven-3.2.5\bin;C:\Program Files (x86)\MySQL\MySQL Utilities 1.3.6\;C:\Program Files\nodejs\;C:\Users\akuma299\AppData\Roaming\npm;." />
    <property name="java.vendor.url" value="http://java.oracle.com/" />
    <property name="java.vm.vendor" value="Oracle Corporation" />
    <property name="java.runtime.name" value="Java(TM) SE Runtime Environment" />
    <property name="sun.java.command" value="org.apache.tools.ant.taskdefs.optional.junit.JUnitTestRunner com.areyes1.jgc.junit.assertequals.JUnitAssertEqualsExample filtertrace=true haltOnError=false haltOnFailure=false formatter=org.apache.tools.ant.taskdefs.optional.junit.SummaryJUnitResultFormatter showoutput=false outputtoformatters=true logfailedtests=true logtestlistenerevents=false formatter=org.apache.tools.ant.taskdefs.optional.junit.PlainJUnitResultFormatter,D:\Users\akuma299\Desktop\downloaded egs\junit-ant-example\${reports.tests}\TEST-com.areyes1.jgc.junit.assertequals.JUnitAssertEqualsExample.txt formatter=org.apache.tools.ant.taskdefs.optional.junit.XMLJUnitResultFormatter,D:\Users\akuma299\Desktop\downloaded egs\junit-ant-example\${reports.tests}\TEST-com.areyes1.jgc.junit.assertequals.JUnitAssertEqualsExample.xml crashfile=D:\Users\akuma299\Desktop\downloaded egs\junit-ant-example\junitvmwatcher5484817402638915257.properties propsfile=D:\Users\akuma299\Desktop\downloaded egs\junit-ant-example\junit171176736977393101.properties" />
    <property name="java.class.path" value="D:\amit\softwares\eclipse\Eclipse\plugins\org.apache.ant_1.9.2.v201404171502\lib\ant-antlr.jar;D:\amit\softwares\eclipse\Eclipse\plugins\org.apache.ant_1.9.2.v201404171502\lib\ant-apache-bcel.jar;D:\amit\softwares\eclipse\Eclipse\plugins\org.apache.ant_1.9.2.v201404171502\lib\ant-apache-bsf.jar;D:\amit\softwares\eclipse\Eclipse\plugins\org.apache.ant_1.9.2.v201404171502\lib\ant-apache-log4j.jar;D:\amit\softwares\eclipse\Eclipse\plugins\org.apache.ant_1.9.2.v201404171502\lib\ant-apache-oro.jar;D:\amit\softwares\eclipse\Eclipse\plugins\org.apache.ant_1.9.2.v201404171502\lib\ant-apache-regexp.jar;D:\amit\softwares\eclipse\Eclipse\plugins\org.apache.ant_1.9.2.v201404171502\lib\ant-apache-resolver.jar;D:\amit\softwares\eclipse\Eclipse\plugins\org.apache.ant_1.9.2.v201404171502\lib\ant-apache-xalan2.jar;D:\amit\softwares\eclipse\Eclipse\plugins\org.apache.ant_1.9.2.v201404171502\lib\ant-commons-logging.jar;D:\amit\softwares\eclipse\Eclipse\plugins\org.apache.ant_1.9.2.v201404171502\lib\ant-commons-net.jar;D:\amit\softwares\eclipse\Eclipse\plugins\org.apache.ant_1.9.2.v201404171502\lib\ant-jai.jar;D:\amit\softwares\eclipse\Eclipse\plugins\org.apache.ant_1.9.2.v201404171502\lib\ant-javamail.jar;D:\amit\softwares\eclipse\Eclipse\plugins\org.apache.ant_1.9.2.v201404171502\lib\ant-jdepend.jar;D:\amit\softwares\eclipse\Eclipse\plugins\org.apache.ant_1.9.2.v201404171502\lib\ant-jmf.jar;D:\amit\softwares\eclipse\Eclipse\plugins\org.apache.ant_1.9.2.v201404171502\lib\ant-jsch.jar;D:\amit\softwares\eclipse\Eclipse\plugins\org.apache.ant_1.9.2.v201404171502\lib\ant-junit.jar;D:\amit\softwares\eclipse\Eclipse\plugins\org.apache.ant_1.9.2.v201404171502\lib\ant-junit4.jar;D:\amit\softwares\eclipse\Eclipse\plugins\org.apache.ant_1.9.2.v201404171502\lib\ant-launcher.jar;D:\amit\softwares\eclipse\Eclipse\plugins\org.apache.ant_1.9.2.v201404171502\lib\ant-netrexx.jar;D:\amit\softwares\eclipse\Eclipse\plugins\org.apache.ant_1.9.2.v201404171502\lib\ant-swing.jar;D:\amit\softwares\eclipse\Eclipse\plugins\org.apache.ant_1.9.2.v201404171502\lib\ant-testutil.jar;D:\amit\softwares\eclipse\Eclipse\plugins\org.apache.ant_1.9.2.v201404171502\lib\ant.jar;D:\amit\softwares\eclipse\Eclipse\plugins\com.atlassian.clover.eclipse.ant_4.1.1.v20151207000000\clover-eclipse-ant.jar;D:\amit\softwares\eclipse\Eclipse\configuration\org.eclipse.osgi\64\0\.cp\lib\antdebug.jar;D:\amit\softwares\eclipse\Eclipse\configuration\org.eclipse.osgi\64\0\.cp\lib\remote.jar;D:\amit\softwares\eclipse\Eclipse\configuration\org.eclipse.osgi\65\0\.cp\lib\remoteAnt.jar;D:\jdk1.7.0\lib\tools.jar;D:\amit\softwares\eclipse\Eclipse\plugins\org.eclipse.swt.win32.win32.x86_64_3.103.1.v20140903-1947.jar;D:\Users\akuma299\Desktop\downloaded egs\junit-ant-example\lib\junit-4.12.jar;D:\Users\akuma299\Desktop\downloaded egs\junit-ant-example\lib\hamcrest-core-1.3.jar;D:\Users\akuma299\Desktop\downloaded egs\junit-ant-example;C:\Program Files (x86)\QuickTime\QTSystem\QTJava.zip;D:\seleniumjars\selenium-2.42.2\libs;D:\jdk1.7.0\jre\lib\ext\junit-dep-4.11.jar" />
    <property name="ant.version" value="Apache Ant(TM) version 1.9.2 compiled on July 8 2013" />
    <property name="java.vm.specification.name" value="Java Virtual Machine Specification" />
    <property name="java.vm.specification.version" value="1.7" />
    <property name="sun.cpu.endian" value="little" />
    <property name="sun.os.patch.level" value="Service Pack 1" />
    <property name="eclipse.pdebuild.home" value="/D:/amit/softwares/eclipse/Eclipse/plugins/org.eclipse.pde.build_3.9.0.v20140415-2029/./" />
    <property name="java.io.tmpdir" value="C:\Users\akuma299\AppData\Local\Temp\" />
    <property name="java.vendor.url.bug" value="http://bugreport.sun.com/bugreport/" />
    <property name="clover.license.path" value="D:\amit\softwares\eclipse\Eclipse\plugins\com.atlassian.clover.eclipse.ant_4.1.1.v20151207000000\clover.license" />
    <property name="os.arch" value="amd64" />
    <property name="java.awt.graphicsenv" value="sun.awt.Win32GraphicsEnvironment" />
    <property name="java.ext.dirs" value="D:\jdk1.7.0\jre\lib\ext;C:\WINDOWS\Sun\Java\lib\ext" />
    <property name="user.dir" value="D:\Users\akuma299\Desktop\downloaded egs\junit-ant-example" />
    <property name="line.separator" value="&#xd;&#xa;" />
    <property name="java.vm.name" value="Java HotSpot(TM) 64-Bit Server VM" />
    <property name="basedir" value="D:\Users\akuma299\Desktop\downloaded egs\junit-ant-example" />
    <property name="ant.java.version" value="1.7" />
    <property name="ant.core.lib" value="D:\amit\softwares\eclipse\Eclipse\plugins\org.apache.ant_1.9.2.v201404171502\lib\ant.jar" />
    <property name="file.encoding" value="Cp1252" />
    <property name="java.specification.version" value="1.7" />
    <property name="ant.project.invoked-targets" value="unit-test-2-batch" />
    <property name="clover.eclipse.runtime.jar" value="/D:/amit/softwares/eclipse/Eclipse/plugins/com.atlassian.clover.eclipse.runtime_4.1.1.v20151207000000/clover-runtime.jar" />
  </properties>
  <error message="com.areyes1.jgc.junit.assertequals.JUnitAssertEqualsExample" type="java.lang.ClassNotFoundException">java.lang.ClassNotFoundException: com.areyes1.jgc.junit.assertequals.JUnitAssertEqualsExample
	at java.net.URLClassLoader$1.run(URLClassLoader.java:366)
	at java.net.URLClassLoader$1.run(URLClassLoader.java:355)
	at java.security.AccessController.doPrivileged(Native Method)
	at java.net.URLClassLoader.findClass(URLClassLoader.java:354)
	at java.lang.ClassLoader.loadClass(ClassLoader.java:423)
	at sun.misc.Launcher$AppClassLoader.loadClass(Launcher.java:308)
	at java.lang.ClassLoader.loadClass(ClassLoader.java:356)
	at java.lang.Class.forName0(Native Method)
	at java.lang.Class.forName(Class.java:186)
</error>
  <system-out><![CDATA[]]></system-out>
  <system-err><![CDATA[]]></system-err>
</testsuite>
